[22:14:09] [ServerMain/INFO]: Environment: authHost='https://authserver.mojang.com', accountsHost='https://api.mojang.com', sessionHost='https://sessionserver.mojang.com', servicesHost='https://api.minecraftservices.com', name='PROD'
[22:14:11] [ServerMain/INFO]: Loaded 7 recipes
[22:14:11] [Server thread/INFO]: Starting minecraft server version 1.20.1
[22:14:11] [Server thread/INFO]: Loading properties
[22:14:12] [Server thread/INFO]: This server is running Paper version git-Paper-196 (MC: 1.20.1) (Implementing API version 1.20.1-R0.1-SNAPSHOT) (Git: 773dd72)
[22:14:12] [Server thread/INFO]: Server Ping Player Sample Count: 12
[22:14:12] [Server thread/INFO]: Using 4 threads for Netty based IO
[22:14:13] [Server thread/WARN]: [!] The timings profiler has been enabled but has been scheduled for removal from Paper in the future.
    We recommend installing the spark profiler as a replacement: https://spark.lucko.me/
    For more information please visit: https://github.com/PaperMC/Paper/issues/8948
[22:14:13] [Server thread/INFO]: [ChunkTaskScheduler] Chunk system is using 1 I/O threads, 1 worker threads, and gen parallelism of 1 threads
[22:14:13] [Server thread/INFO]: Default game type: SURVIVAL
[22:14:13] [Server thread/INFO]: Generating keypair
[22:14:13] [Server thread/INFO]: Starting Minecraft server on *:25565
[22:14:13] [Server thread/INFO]: Using epoll channel type
[22:14:14] [Server thread/INFO]: Paper: Using libdeflate (Linux x86_64) compression from Velocity.
[22:14:14] [Server thread/INFO]: Paper: Using OpenSSL 1.1.x (Linux x86_64) cipher from Velocity.
[22:14:14] [Server thread/INFO]: Server permissions file permissions.yml is empty, ignoring it
[22:14:14] [Server thread/WARN]: **** SERVER IS RUNNING IN OFFLINE/INSECURE MODE!
[22:14:14] [Server thread/WARN]: The server will make no attempt to authenticate usernames. Beware.
[22:14:14] [Server thread/WARN]: While this makes the game possible to play without internet access, it also opens up the ability for hackers to connect with any username they choose.
[22:14:14] [Server thread/WARN]: To change this, set "online-mode" to "true" in the server.properties file.
[22:14:14] [Server thread/INFO]: Preparing level "world"
[22:14:15] [Server thread/INFO]: Preparing start region for dimension minecraft:overworld
[22:14:15] [Server thread/INFO]: Time elapsed: 444 ms
[22:14:15] [Server thread/INFO]: Preparing start region for dimension minecraft:the_nether
[22:14:15] [Server thread/INFO]: Time elapsed: 109 ms
[22:14:15] [Server thread/INFO]: Preparing start region for dimension minecraft:the_end
[22:14:16] [Server thread/INFO]: Time elapsed: 117 ms
[22:14:16] [Server thread/INFO]: Running delayed init tasks
[22:14:16] [Server thread/INFO]: Done (4.251s)! For help, type "help"
[22:14:16] [Server thread/INFO]: Timings Reset
[22:19:39] [User Authenticator #0/INFO]: UUID of player Xxbraianproxx is f5802507-be0a-371f-825f-ef9c05f2235f
[22:19:40] [Server thread/INFO]: Xxbraianproxx joined the game
[22:19:40] [Server thread/INFO]: Xxbraianproxx[/127.200.184.160:34597] logged in with entity id 259 at ([world]176.17819977670086, 112.0, 61.22952683380039)
[22:20:02] [Server thread/INFO]: Xxbraianproxx lost connection: Disconnected
[22:20:02] [Server thread/INFO]: Xxbraianproxx left the game
[22:20:17] [User Authenticator #0/INFO]: UUID of player Xxbraianproxx is f5802507-be0a-371f-825f-ef9c05f2235f
[22:20:17] [Server thread/INFO]: Xxbraianproxx joined the game
[22:20:17] [Server thread/INFO]: Xxbraianproxx[/127.200.184.160:33461] logged in with entity id 456 at ([world]176.17819977670086, 112.0, 61.22952683380039)
[22:20:46] [Server thread/INFO]: Xxbraianproxx lost connection: Disconnected
[22:20:46] [Server thread/INFO]: Xxbraianproxx left the game
[22:21:12] [User Authenticator #0/INFO]: UUID of player Xxbraianproxx is f5802507-be0a-371f-825f-ef9c05f2235f
[22:21:12] [Server thread/INFO]: Xxbraianproxx joined the game
[22:21:12] [Server thread/INFO]: Xxbraianproxx[/127.200.184.160:47689] logged in with entity id 502 at ([world]176.17819977670086, 112.0, 61.22952683380039)
[22:22:08] [Server thread/INFO]: Xxbraianproxx has made the advancement [Monster Hunter]
[22:22:29] [Server thread/INFO]: Xxbraianproxx was doomed to fall by Skeleton
